<?xml version="1.0" encoding="UTF-8"?>
<testsuites>
  <testsuite name="fastlane.lanes">
    
    
    
      
      <testcase classname="fastlane.lanes" name="0: carthage" time="9.539892">
        
      </testcase>
    
      
      <testcase classname="fastlane.lanes" name="1: git_add" time="0.045911">
        
      </testcase>
    
      
      <testcase classname="fastlane.lanes" name="2: git_commit" time="0.088571">
        
      </testcase>
    
      
      <testcase classname="fastlane.lanes" name="3: push_to_git_remote" time="8.287846">
        
      </testcase>
    
      
      <testcase classname="fastlane.lanes" name="4: git_tag_exists" time="0.011893">
        
      </testcase>
    
      
      <testcase classname="fastlane.lanes" name="5: remove_tag" time="6.230915">
        
      </testcase>
    
      
      <testcase classname="fastlane.lanes" name="6: add_git_tag" time="0.013257">
        
      </testcase>
    
      
      <testcase classname="fastlane.lanes" name="7: push_git_tags" time="6.166858">
        
      </testcase>
    
      
      <testcase classname="fastlane.lanes" name="8: pod_lib_lint" time="23.155332">
        
          <failure message="/Users/ddn/.rvm/gems/ruby-2.4.0@global/gems/fastlane-2.48.0/fastlane/lib/fastlane/actions/actions_helper.rb:48:in `execute_action'&#10;/Users/ddn/.rvm/gems/ruby-2.4.0@global/gems/fastlane-2.48.0/fastlane/lib/fastlane/runner.rb:230:in `block in execute_action'&#10;/Users/ddn/.rvm/gems/ruby-2.4.0@global/gems/fastlane-2.48.0/fastlane/lib/fastlane/runner.rb:226:in `chdir'&#10;/Users/ddn/.rvm/gems/ruby-2.4.0@global/gems/fastlane-2.48.0/fastlane/lib/fastlane/runner.rb:226:in `execute_action'&#10;/Users/ddn/.rvm/gems/ruby-2.4.0@global/gems/fastlane-2.48.0/fastlane/lib/fastlane/runner.rb:148:in `trigger_action_by_name'&#10;/Users/ddn/.rvm/gems/ruby-2.4.0@global/gems/fastlane-2.48.0/fastlane/lib/fastlane/fast_file.rb:146:in `method_missing'&#10;Fastfile:33:in `block in parsing_binding'&#10;/Users/ddn/.rvm/gems/ruby-2.4.0@global/gems/fastlane-2.48.0/fastlane/lib/fastlane/lane.rb:33:in `call'&#10;/Users/ddn/.rvm/gems/ruby-2.4.0@global/gems/fastlane-2.48.0/fastlane/lib/fastlane/runner.rb:49:in `block in execute'&#10;/Users/ddn/.rvm/gems/ruby-2.4.0@global/gems/fastlane-2.48.0/fastlane/lib/fastlane/runner.rb:45:in `chdir'&#10;/Users/ddn/.rvm/gems/ruby-2.4.0@global/gems/fastlane-2.48.0/fastlane/lib/fastlane/runner.rb:45:in `execute'&#10;/Users/ddn/.rvm/gems/ruby-2.4.0@global/gems/fastlane-2.48.0/fastlane/lib/fastlane/lane_manager.rb:52:in `cruise_lane'&#10;/Users/ddn/.rvm/gems/ruby-2.4.0@global/gems/fastlane-2.48.0/fastlane/lib/fastlane/command_line_handler.rb:30:in `handle'&#10;/Users/ddn/.rvm/gems/ruby-2.4.0@global/gems/fastlane-2.48.0/fastlane/lib/fastlane/commands_generator.rb:104:in `block (2 levels) in run'&#10;/Users/ddn/.rvm/gems/ruby-2.4.0@global/gems/commander-fastlane-4.4.5/lib/commander/command.rb:178:in `call'&#10;/Users/ddn/.rvm/gems/ruby-2.4.0@global/gems/commander-fastlane-4.4.5/lib/commander/command.rb:153:in `run'&#10;/Users/ddn/.rvm/gems/ruby-2.4.0@global/gems/commander-fastlane-4.4.5/lib/commander/runner.rb:476:in `run_active_command'&#10;/Users/ddn/.rvm/gems/ruby-2.4.0@global/gems/fastlane-2.48.0/fastlane_core/lib/fastlane_core/ui/fastlane_runner.rb:64:in `run!'&#10;/Users/ddn/.rvm/gems/ruby-2.4.0@global/gems/commander-fastlane-4.4.5/lib/commander/delegates.rb:15:in `run!'&#10;/Users/ddn/.rvm/gems/ruby-2.4.0@global/gems/fastlane-2.48.0/fastlane/lib/fastlane/commands_generator.rb:303:in `run'&#10;/Users/ddn/.rvm/gems/ruby-2.4.0@global/gems/fastlane-2.48.0/fastlane/lib/fastlane/commands_generator.rb:42:in `start'&#10;/Users/ddn/.rvm/gems/ruby-2.4.0@global/gems/fastlane-2.48.0/fastlane/lib/fastlane/cli_tools_distributor.rb:66:in `take_off'&#10;/Users/ddn/.rvm/gems/ruby-2.4.0@global/gems/fastlane-2.48.0/bin/fastlane:20:in `&lt;top (required)&gt;'&#10;/Users/ddn/.rvm/rubies/ruby-2.4.0/bin/fastlane:23:in `load'&#10;/Users/ddn/.rvm/rubies/ruby-2.4.0/bin/fastlane:23:in `&lt;main&gt;'&#10;/Users/ddn/.rvm/gems/ruby-2.4.0@global/bin/ruby_executable_hooks:15:in `eval'&#10;/Users/ddn/.rvm/gems/ruby-2.4.0@global/bin/ruby_executable_hooks:15:in `&lt;main&gt;'&#10;&#10;Exit status of command 'pod lib lint --allow-warnings' was 1 instead of 0.&#10;&#10; -&gt; YJThief -&gt; YJThief (0.1.0)&#10;    - ERROR | [iOS] [YJThief/YJTimerManager] xcodebuild: Returned an unsuccessful exit code. You can use `--verbose` for more information.&#10;    - NOTE  | [YJThief/YJTimerManager] xcodebuild:  /Users/ddn/Desktop/YJThief/YJThief/Classes/YJTimerManager/YJTimerManager.h:10:9: fatal error: 'YJSingleton.h' file not found&#10;&#10;[!] YJThief did not pass validation, due to 1 error.&#10;[!] The validator for Swift projects uses Swift 3.0 by default, if you are using a different version of swift you can use a `.swift-version` file to set the version for your Pod. For example to use Swift 2.3, run: &#10;    `echo &quot;2.3&quot; &gt; .swift-version`.&#10;You can use the `--no-clean` option to inspect any issue.&#10;" />
        
      </testcase>
    
  </testsuite>
</testsuites>
